Start testing: Apr 23 20:39 中国标准时间
----------------------------------------------------------
1/1 Testing: heyball_tests
1/1 Test: heyball_tests
Command: "D:/heyball/build/ucrt64-debug/heyball_tests.exe"
Directory: D:/heyball/build/ucrt64-debug
"heyball_tests" start time: Apr 23 20:39 中国标准时间
Output:
----------------------------------------------------------
All heyball tests passed
<end of output>
Test time =   0.01 sec
----------------------------------------------------------
Test Passed.
"heyball_tests" end time: Apr 23 20:39 中国标准时间
"heyball_tests" time elapsed: 00:00:00
----------------------------------------------------------

End testing: Apr 23 20:39 中国标准时间
